C51 COMPILER V9.52.0.0   DS18B20                                                           10/21/2022 22:31:29 PAGE 1   


C51 COMPILER V9.52.0.0, COMPILATION OF MODULE DS18B20
OBJECT MODULE PLACED IN .\Objects\DS18B20.obj
COMPILER INVOKED BY: D:\Keil_vn\C51\BIN\C51.EXE ..\13-1 DS18B20Œ¬∂»∂¡»°\DS18B20.c BROWSE DEBUG OBJECTEXTEND PRINT(.\List
                    -ings\DS18B20.lst) TABS(2) OBJECT(.\Objects\DS18B20.obj)

line level    source

   1          #include <REGX52.H>
   2          #include "OneWire.h"
   3          
   4          //DS18B20Êåá‰ª§
   5          #define DS18B20_SKIP_ROM      0xCC
   6          #define DS18B20_CONVERT_T     0x44
   7          #define DS18B20_READ_SCRATCHPAD   0xBE
   8          
   9          /**
  10            * @brief  DS18B20ÂºÄÂßãÊ∏©Â∫¶ÂèòÊç¢
  11            * @param  Êó†
  12            * @retval Êó†
  13            */
  14          void DS18B20_ConvertT(void)
  15          {
  16   1        OneWire_Init();
  17   1        OneWire_SendByte(DS18B20_SKIP_ROM);
  18   1        OneWire_SendByte(DS18B20_CONVERT_T);
  19   1      }
  20          
  21          /**
  22            * @brief  DS18B20ËØªÂèñÊ∏©Â∫¶
  23            * @param  Êó†
  24            * @retval Ê∏©Â∫¶Êï∞ÂÄº
  25            */
  26          float DS18B20_ReadT(void)
  27          {
  28   1        unsigned char TLSB,TMSB;
  29   1        int Temp;
  30   1        float T;
  31   1        OneWire_Init();
  32   1        OneWire_SendByte(DS18B20_SKIP_ROM);
  33   1        OneWire_SendByte(DS18B20_READ_SCRATCHPAD);
  34   1        TLSB=OneWire_ReceiveByte();
  35   1        TMSB=OneWire_ReceiveByte();
  36   1        Temp=(TMSB<<8)|TLSB;
  37   1        T=Temp/16.0;
  38   1        return T;
  39   1      }


MODULE INFORMATION:   STATIC OVERLAYABLE
   CODE SIZE        =     57    ----
   CONSTANT SIZE    =   ----    ----
   XDATA SIZE       =   ----    ----
   PDATA SIZE       =   ----    ----
   DATA SIZE        =   ----       1
   IDATA SIZE       =   ----    ----
   BIT SIZE         =   ----    ----
END OF MODULE INFORMATION.


C51 COMPILATION COMPLETE.  0 WARNING(S),  0 ERROR(S)
