C51 COMPILER V9.52.0.0   DS18B20                                                           11/18/2022 20:33:14 PAGE 1   


C51 COMPILER V9.52.0.0, COMPILATION OF MODULE DS18B20
OBJECT MODULE PLACED IN .\Objects\DS18B20.obj
COMPILER INVOKED BY: D:\Keil_vn\C51\BIN\C51.EXE DS18B20.c BROWSE DEBUG OBJECTEXTEND PRINT(.\Listings\DS18B20.lst) TABS(2
                    -) OBJECT(.\Objects\DS18B20.obj)

line level    source

   1          #include <REGX52.H>
   2          #include "OneWire.h"
   3          
   4          //DS18B20指令
   5          #define DS18B20_SKIP_ROM      0xCC
   6          #define DS18B20_CONVERT_T     0x44
   7          #define DS18B20_READ_SCRATCHPAD   0xBE
   8          
   9          /**
  10            * @brief  DS18B20开始温度变换
  11            * @param  无
  12            * @retval 无
  13            */
  14            
  15          void DS18B20_ConvertT(void)
  16          {
  17   1        OneWire_Init();
  18   1        OneWire_SendByte(DS18B20_SKIP_ROM);
  19   1        OneWire_SendByte(DS18B20_CONVERT_T);
  20   1      }
  21          
  22          /**
  23            * @brief  DS18B20读取温度
  24            * @param  无
  25            * @retval 温度数值
  26            */
  27          
  28          float DS18B20_ReadT(void)
  29          {
  30   1        unsigned char TLSB,TMSB;
  31   1        int Temp;
  32   1        float T;
  33   1        OneWire_Init();
  34   1        OneWire_SendByte(DS18B20_SKIP_ROM);
  35   1        OneWire_SendByte(DS18B20_READ_SCRATCHPAD);
  36   1        TLSB=OneWire_ReceiveByte();
  37   1        TMSB=OneWire_ReceiveByte();
  38   1        Temp=(TMSB<<8)|TLSB;
  39   1        T=Temp/16.0;
  40   1        return T;
  41   1      }


MODULE INFORMATION:   STATIC OVERLAYABLE
   CODE SIZE        =     57    ----
   CONSTANT SIZE    =   ----    ----
   XDATA SIZE       =   ----    ----
   PDATA SIZE       =   ----    ----
   DATA SIZE        =   ----       1
   IDATA SIZE       =   ----    ----
   BIT SIZE         =   ----    ----
END OF MODULE INFORMATION.


C51 COMPILATION COMPLETE.  0 WARNING(S),  0 ERROR(S)
