C51 COMPILER V9.52.0.0   TIMER0                                                            11/19/2022 13:16:45 PAGE 1   


C51 COMPILER V9.52.0.0, COMPILATION OF MODULE TIMER0
OBJECT MODULE PLACED IN .\Objects\Timer0.obj
COMPILER INVOKED BY: D:\Keil_vn\C51\BIN\C51.EXE Timer0.c BROWSE DEBUG OBJECTEXTEND PRINT(.\Listings\Timer0.lst) TABS(2) 
                    -OBJECT(.\Objects\Timer0.obj)

line level    source

   1          #include <REGX52.H>
   2          //#include "MotorRun.h"
   3          /**
   4            * @brief  定时器0初始化，1毫秒@12.000MHz
   5            * @param  无
   6            * @retval 无
   7            */
   8            
   9          unsigned char Sec=0,Min=0,Hour=0;
  10          int zhuanFlag=0;
  11          void Timer0Init(void)
  12          {
  13   1        TMOD &= 0xF0;   //设置定时器模式
  14   1        TMOD |= 0x01;   //设置定时器模式
  15   1        TL0 = 0x66;   //设置定时初值
  16   1        TH0 = 0xFC;   //设置定时初值
  17   1        TF0 = 0;    //清除TF0标志
  18   1        TR0 = 1;    //定时器0开始计时
  19   1        ET0=1;
  20   1        EA=1;
  21   1        PT0=0;
  22   1      }
  23          
  24          void Timer0_Routine() interrupt 1
  25          {
  26   1        static unsigned int T0Count,HourCount;
  27   1        TL0 = 0x18;   //设置定时初值
  28   1        TH0 = 0xFC;   //设置定时初值
  29   1        T0Count++;   //1000次计数
  30   1            if(T0Count>=1000) //定时器分频，1s
  31   1          {
  32   2            T0Count=0;
  33   2            Sec++;      //1秒到，Sec自增
  34   2            if(Sec>=60)
  35   2            {
  36   3              Sec=0;    //60秒到，Sec清0，Min自增
  37   3              Min++;
  38   3              if(Min>=60)
  39   3              {
  40   4                Min=0;  //60分钟到，Min清0，Hour自增
  41   4                Hour++;
  42   4                if(Hour>=24)
  43   4                {
  44   5                  Hour=0; //24小时到，Hour清0
  45   5                  HourCount++;
  46   5              }
  47   4            }
  48   3          }
  49   2        }
  50   1      }
  51          
  52          


C51 COMPILER V9.52.0.0   TIMER0                                                            11/19/2022 13:16:45 PAGE 2   

MODULE INFORMATION:   STATIC OVERLAYABLE
   CODE SIZE        =    102    ----
   CONSTANT SIZE    =   ----    ----
   XDATA SIZE       =   ----    ----
   PDATA SIZE       =   ----    ----
   DATA SIZE        =      9    ----
   IDATA SIZE       =   ----    ----
   BIT SIZE         =   ----    ----
END OF MODULE INFORMATION.


C51 COMPILATION COMPLETE.  0 WARNING(S),  0 ERROR(S)
